<?xml version="1.0" encoding="UTF-8"?>
<!-- Generated by org.testng.reporters.JUnitReportReporter -->
<testsuite hostname="Mac.domain.name" failures="0" tests="1" name="playwright.LambdaText" time="32.931" errors="1" timestamp="2026-01-29T19:40:19 IST" skipped="0">
  <testcase classname="playwright.LambdaText" name="TestingLambda" time="32.931">
    <error message="Error {
  message=&#039;Error: strict mode violation: getByRole(AriaRole.LINK, new Page.GetByRoleOptions().setName(&quot;Software&quot;).setExact(true)) resolved to 2 elements:
    1) &lt;a class=&quot;icon-left both nav-link&quot; href=&quot;https://ecommerce-playground.lambdatest.io/index.php?route=product/category&amp;path=17&quot;&gt;…&lt;/a&gt; aka locator(&quot;#widget-navbar-217841&quot;).getByRole(AriaRole.LINK, new Locator.GetByRoleOptions().setName(&quot;Software&quot;))
    2) &lt;a href=&quot;#&quot; class=&quot;dropdown-item&quot; data-category_id=&quot;17&quot;&gt;Software&lt;/a&gt; aka locator(&quot;#entry_217822&quot;).getByRole(AriaRole.LINK, new Locator.GetByRoleOptions().setName(&quot;Software&quot;))

  name=&#039;Error
  stack=&#039;Error: Error: strict mode violation: getByRole(AriaRole.LINK, new Page.GetByRoleOptions().setName(&quot;Software&quot;).setExact(true)) resolved to 2 elements:
    1) &lt;a class=&quot;icon-left both nav-link&quot; href=&quot;https://ecommerce-playground.lambdatest.io/index.php?route=product/category&amp;path=17&quot;&gt;…&lt;/a&gt; aka locator(&quot;#widget-navbar-217841&quot;).getByRole(AriaRole.LINK, new Locator.GetByRoleOptions().setName(&quot;Software&quot;))
    2) &lt;a href=&quot;#&quot; class=&quot;dropdown-item&quot; data-category_id=&quot;17&quot;&gt;Software&lt;/a&gt; aka locator(&quot;#entry_217822&quot;).getByRole(AriaRole.LINK, new Locator.GetByRoleOptions().setName(&quot;Software&quot;))

    at CRExecutionContext.evaluateWithArguments (/private/var/folders/w4/jx3ckv9d09z39mzm3bk61jk00000gn/T/playwright-java-15227205407436615446/package/lib/server/chromium/crExecutionContext.js:80:13)
    at async LongStandingScope._race (/private/var/folders/w4/jx3ckv9d09z39mzm3bk61jk00000gn/T/playwright-java-15227205407436615446/package/lib/utils/isomorphic/manualPromise.js:94:14)
    at async evaluateExpression (/private/var/folders/w4/jx3ckv9d09z39mzm3bk61jk00000gn/T/playwright-java-15227205407436615446/package/lib/server/javascript.js:217:12)
    at async /private/var/folders/w4/jx3ckv9d09z39mzm3bk61jk00000gn/T/playwright-java-15227205407436615446/package/lib/server/frames.js:916:22
    at async Frame.retryWithProgressAndTimeouts (/private/var/folders/w4/jx3ckv9d09z39mzm3bk61jk00000gn/T/playwright-java-15227205407436615446/package/lib/server/frames.js:886:24)
    at async Frame.click (/private/var/folders/w4/jx3ckv9d09z39mzm3bk61jk00000gn/T/playwright-java-15227205407436615446/package/lib/server/frames.js:959:27)
    at async FrameDispatcher.click (/private/var/folders/w4/jx3ckv9d09z39mzm3bk61jk00000gn/T/playwright-java-15227205407436615446/package/lib/server/dispatchers/frameDispatcher.js:117:12)
    at async ProgressController.run (/private/var/folders/w4/jx3ckv9d09z39mzm3bk61jk00000gn/T/playwright-java-15227205407436615446/package/lib/server/progress.js:78:22)
    at async FrameDispatcher._runCommand (/private/var/folders/w4/jx3ckv9d09z39mzm3bk61jk00000gn/T/playwright-java-15227205407436615446/package/lib/server/dispatchers/dispatcher.js:95:14)
    at async DispatcherConnection.dispatch (/private/var/folders/w4/jx3ckv9d09z39mzm3bk61jk00000gn/T/playwright-java-15227205407436615446/package/lib/server/dispatchers/dispatcher.js:329:22)
}
Call log:
-   - waiting for getByRole(AriaRole.LINK, new Page.GetByRoleOptions().setName(&quot;Software&quot;).setExact(true))
" type="com.microsoft.playwright.PlaywrightException">
      <![CDATA[com.microsoft.playwright.PlaywrightException: Error {
  message='Error: strict mode violation: getByRole(AriaRole.LINK, new Page.GetByRoleOptions().setName("Software").setExact(true)) resolved to 2 elements:
    1) <a class="icon-left both nav-link" href="https://ecommerce-playground.lambdatest.io/index.php?route=product/category&path=17">…</a> aka locator("#widget-navbar-217841").getByRole(AriaRole.LINK, new Locator.GetByRoleOptions().setName("Software"))
    2) <a href="#" class="dropdown-item" data-category_id="17">Software</a> aka locator("#entry_217822").getByRole(AriaRole.LINK, new Locator.GetByRoleOptions().setName("Software"))

  name='Error
  stack='Error: Error: strict mode violation: getByRole(AriaRole.LINK, new Page.GetByRoleOptions().setName("Software").setExact(true)) resolved to 2 elements:
    1) <a class="icon-left both nav-link" href="https://ecommerce-playground.lambdatest.io/index.php?route=product/category&path=17">…</a> aka locator("#widget-navbar-217841").getByRole(AriaRole.LINK, new Locator.GetByRoleOptions().setName("Software"))
    2) <a href="#" class="dropdown-item" data-category_id="17">Software</a> aka locator("#entry_217822").getByRole(AriaRole.LINK, new Locator.GetByRoleOptions().setName("Software"))

    at CRExecutionContext.evaluateWithArguments (/private/var/folders/w4/jx3ckv9d09z39mzm3bk61jk00000gn/T/playwright-java-15227205407436615446/package/lib/server/chromium/crExecutionContext.js:80:13)
    at async LongStandingScope._race (/private/var/folders/w4/jx3ckv9d09z39mzm3bk61jk00000gn/T/playwright-java-15227205407436615446/package/lib/utils/isomorphic/manualPromise.js:94:14)
    at async evaluateExpression (/private/var/folders/w4/jx3ckv9d09z39mzm3bk61jk00000gn/T/playwright-java-15227205407436615446/package/lib/server/javascript.js:217:12)
    at async /private/var/folders/w4/jx3ckv9d09z39mzm3bk61jk00000gn/T/playwright-java-15227205407436615446/package/lib/server/frames.js:916:22
    at async Frame.retryWithProgressAndTimeouts (/private/var/folders/w4/jx3ckv9d09z39mzm3bk61jk00000gn/T/playwright-java-15227205407436615446/package/lib/server/frames.js:886:24)
    at async Frame.click (/private/var/folders/w4/jx3ckv9d09z39mzm3bk61jk00000gn/T/playwright-java-15227205407436615446/package/lib/server/frames.js:959:27)
    at async FrameDispatcher.click (/private/var/folders/w4/jx3ckv9d09z39mzm3bk61jk00000gn/T/playwright-java-15227205407436615446/package/lib/server/dispatchers/frameDispatcher.js:117:12)
    at async ProgressController.run (/private/var/folders/w4/jx3ckv9d09z39mzm3bk61jk00000gn/T/playwright-java-15227205407436615446/package/lib/server/progress.js:78:22)
    at async FrameDispatcher._runCommand (/private/var/folders/w4/jx3ckv9d09z39mzm3bk61jk00000gn/T/playwright-java-15227205407436615446/package/lib/server/dispatchers/dispatcher.js:95:14)
    at async DispatcherConnection.dispatch (/private/var/folders/w4/jx3ckv9d09z39mzm3bk61jk00000gn/T/playwright-java-15227205407436615446/package/lib/server/dispatchers/dispatcher.js:329:22)
}
Call log:
-   - waiting for getByRole(AriaRole.LINK, new Page.GetByRoleOptions().setName("Software").setExact(true))

at com.microsoft.playwright.impl.WaitableResult.get(WaitableResult.java:56)
at com.microsoft.playwright.impl.ChannelOwner.runUntil(ChannelOwner.java:138)
at com.microsoft.playwright.impl.Connection.sendMessage(Connection.java:131)
at com.microsoft.playwright.impl.ChannelOwner.sendMessage(ChannelOwner.java:124)
at com.microsoft.playwright.impl.FrameImpl.clickImpl(FrameImpl.java:244)
at com.microsoft.playwright.impl.LocatorImpl.click(LocatorImpl.java:164)
at com.microsoft.playwright.Locator.click(Locator.java:2543)
at playwright.LambdaText.selectAndVerifyCategory(LambdaText.java:16)
at playwright.LambdaText.TestingLambda(LambdaText.java:37)
at java.base/jdk.internal.reflect.DirectMethodHandleAccessor.invoke(DirectMethodHandleAccessor.java:103)
at java.base/java.lang.reflect.Method.invoke(Method.java:580)
at org.testng.internal.invokers.MethodInvocationHelper.invokeMethod(MethodInvocationHelper.java:139)
at org.testng.internal.invokers.TestInvoker.invokeMethod(TestInvoker.java:664)
at org.testng.internal.invokers.TestInvoker.invokeTestMethod(TestInvoker.java:228)
at org.testng.internal.invokers.MethodRunner.runInSequence(MethodRunner.java:63)
at org.testng.internal.invokers.TestInvoker$MethodInvocationAgent.invoke(TestInvoker.java:961)
at org.testng.internal.invokers.TestInvoker.invokeTestMethods(TestInvoker.java:201)
at org.testng.internal.invokers.TestMethodWorker.invokeTestMethods(TestMethodWorker.java:148)
at org.testng.internal.invokers.TestMethodWorker.run(TestMethodWorker.java:128)
at java.base/java.util.ArrayList.forEach(ArrayList.java:1596)
at org.testng.TestRunner.privateRun(TestRunner.java:819)
at org.testng.TestRunner.run(TestRunner.java:619)
at org.testng.SuiteRunner.runTest(SuiteRunner.java:443)
at org.testng.SuiteRunner.runSequentially(SuiteRunner.java:437)
at org.testng.SuiteRunner.privateRun(SuiteRunner.java:397)
at org.testng.SuiteRunner.run(SuiteRunner.java:336)
at org.testng.SuiteRunnerWorker.runSuite(SuiteRunnerWorker.java:52)
at org.testng.SuiteRunnerWorker.run(SuiteRunnerWorker.java:95)
at org.testng.TestNG.runSuitesSequentially(TestNG.java:1301)
at org.testng.TestNG.runSuitesLocally(TestNG.java:1228)
at org.testng.TestNG.runSuites(TestNG.java:1134)
at org.testng.TestNG.run(TestNG.java:1101)
at org.testng.remote.AbstractRemoteTestNG.run(AbstractRemoteTestNG.java:115)
at org.testng.remote.RemoteTestNG.initAndRun(RemoteTestNG.java:293)
at org.testng.remote.RemoteTestNG.main(RemoteTestNG.java:91)
Caused by: com.microsoft.playwright.impl.DriverException: Error {
  message='Error: strict mode violation: getByRole(AriaRole.LINK, new Page.GetByRoleOptions().setName("Software").setExact(true)) resolved to 2 elements:
    1) <a class="icon-left both nav-link" href="https://ecommerce-playground.lambdatest.io/index.php?route=product/category&path=17">…</a> aka locator("#widget-navbar-217841").getByRole(AriaRole.LINK, new Locator.GetByRoleOptions().setName("Software"))
    2) <a href="#" class="dropdown-item" data-category_id="17">Software</a> aka locator("#entry_217822").getByRole(AriaRole.LINK, new Locator.GetByRoleOptions().setName("Software"))

  name='Error
  stack='Error: Error: strict mode violation: getByRole(AriaRole.LINK, new Page.GetByRoleOptions().setName("Software").setExact(true)) resolved to 2 elements:
    1) <a class="icon-left both nav-link" href="https://ecommerce-playground.lambdatest.io/index.php?route=product/category&path=17">…</a> aka locator("#widget-navbar-217841").getByRole(AriaRole.LINK, new Locator.GetByRoleOptions().setName("Software"))
    2) <a href="#" class="dropdown-item" data-category_id="17">Software</a> aka locator("#entry_217822").getByRole(AriaRole.LINK, new Locator.GetByRoleOptions().setName("Software"))

    at CRExecutionContext.evaluateWithArguments (/private/var/folders/w4/jx3ckv9d09z39mzm3bk61jk00000gn/T/playwright-java-15227205407436615446/package/lib/server/chromium/crExecutionContext.js:80:13)
    at async LongStandingScope._race (/private/var/folders/w4/jx3ckv9d09z39mzm3bk61jk00000gn/T/playwright-java-15227205407436615446/package/lib/utils/isomorphic/manualPromise.js:94:14)
    at async evaluateExpression (/private/var/folders/w4/jx3ckv9d09z39mzm3bk61jk00000gn/T/playwright-java-15227205407436615446/package/lib/server/javascript.js:217:12)
    at async /private/var/folders/w4/jx3ckv9d09z39mzm3bk61jk00000gn/T/playwright-java-15227205407436615446/package/lib/server/frames.js:916:22
    at async Frame.retryWithProgressAndTimeouts (/private/var/folders/w4/jx3ckv9d09z39mzm3bk61jk00000gn/T/playwright-java-15227205407436615446/package/lib/server/frames.js:886:24)
    at async Frame.click (/private/var/folders/w4/jx3ckv9d09z39mzm3bk61jk00000gn/T/playwright-java-15227205407436615446/package/lib/server/frames.js:959:27)
    at async FrameDispatcher.click (/private/var/folders/w4/jx3ckv9d09z39mzm3bk61jk00000gn/T/playwright-java-15227205407436615446/package/lib/server/dispatchers/frameDispatcher.js:117:12)
    at async ProgressController.run (/private/var/folders/w4/jx3ckv9d09z39mzm3bk61jk00000gn/T/playwright-java-15227205407436615446/package/lib/server/progress.js:78:22)
    at async FrameDispatcher._runCommand (/private/var/folders/w4/jx3ckv9d09z39mzm3bk61jk00000gn/T/playwright-java-15227205407436615446/package/lib/server/dispatchers/dispatcher.js:95:14)
    at async DispatcherConnection.dispatch (/private/var/folders/w4/jx3ckv9d09z39mzm3bk61jk00000gn/T/playwright-java-15227205407436615446/package/lib/server/dispatchers/dispatcher.js:329:22)
}
Call log:
-   - waiting for getByRole(AriaRole.LINK, new Page.GetByRoleOptions().setName("Software").setExact(true))

at com.microsoft.playwright.impl.Connection.dispatch(Connection.java:262)
at com.microsoft.playwright.impl.Connection.processOneMessage(Connection.java:214)
at com.microsoft.playwright.impl.ChannelOwner.runUntil(ChannelOwner.java:136)
... 33 more
]]>
    </error>
  </testcase> <!-- TestingLambda -->
</testsuite> <!-- playwright.LambdaText -->
