<?xml version="1.0" encoding="UTF-8"?>
<!-- Generated by org.testng.reporters.JUnitReportReporter -->
<testsuite hostname="Mac.domain.name" failures="0" tests="1" name="playwright.FirstTest" time="40.186" errors="1" timestamp="2026-01-17T11:33:26 IST" skipped="0">
  <testcase classname="playwright.FirstTest" name="testLogin" time="40.186">
    <error message="Error {
  message=&#039;Target page, context or browser has been closed
  name=&#039;TargetClosedError
  stack=&#039;TargetClosedError:Target page, context or browser has been closed
Error
    at captureRawStack (/private/var/folders/w4/jx3ckv9d09z39mzm3bk61jk00000gn/T/playwright-java-12897528636016530862/package/lib/utils/isomorphic/stackTrace.js:32:17)
    at LongStandingScope._race (/private/var/folders/w4/jx3ckv9d09z39mzm3bk61jk00000gn/T/playwright-java-12897528636016530862/package/lib/utils/isomorphic/manualPromise.js:87:58)
    at LongStandingScope.race (/private/var/folders/w4/jx3ckv9d09z39mzm3bk61jk00000gn/T/playwright-java-12897528636016530862/package/lib/utils/isomorphic/manualPromise.js:80:17)
    at /private/var/folders/w4/jx3ckv9d09z39mzm3bk61jk00000gn/T/playwright-java-12897528636016530862/package/lib/utils/isomorphic/manualPromise.js:77:45
    at Array.map (&lt;anonymous&gt;)
    at LongStandingScope.raceMultiple (/private/var/folders/w4/jx3ckv9d09z39mzm3bk61jk00000gn/T/playwright-java-12897528636016530862/package/lib/utils/isomorphic/manualPromise.js:77:32)
    at Frame.raceNavigationAction (/private/var/folders/w4/jx3ckv9d09z39mzm3bk61jk00000gn/T/playwright-java-12897528636016530862/package/lib/server/frames.js:480:43)
    at Frame.goto (/private/var/folders/w4/jx3ckv9d09z39mzm3bk61jk00000gn/T/playwright-java-12897528636016530862/package/lib/server/frames.js:505:17)
    at FrameDispatcher.goto (/private/var/folders/w4/jx3ckv9d09z39mzm3bk61jk00000gn/T/playwright-java-12897528636016530862/package/lib/server/dispatchers/frameDispatcher.js:70:132)
    at /private/var/folders/w4/jx3ckv9d09z39mzm3bk61jk00000gn/T/playwright-java-12897528636016530862/package/lib/server/dispatchers/dispatcher.js:95:61
    at ProgressController.run (/private/var/folders/w4/jx3ckv9d09z39mzm3bk61jk00000gn/T/playwright-java-12897528636016530862/package/lib/server/progress.js:78:28)
    at FrameDispatcher._runCommand (/private/var/folders/w4/jx3ckv9d09z39mzm3bk61jk00000gn/T/playwright-java-12897528636016530862/package/lib/server/dispatchers/dispatcher.js:95:31)
    at DispatcherConnection.dispatch (/private/var/folders/w4/jx3ckv9d09z39mzm3bk61jk00000gn/T/playwright-java-12897528636016530862/package/lib/server/dispatchers/dispatcher.js:329:39)
}
Call log:
-   - navigating to &quot;https://www.moneycontrol.com/&quot;, waiting until &quot;load&quot;
" type="com.microsoft.playwright.impl.TargetClosedError">
      <![CDATA[com.microsoft.playwright.impl.TargetClosedError: Error {
  message='Target page, context or browser has been closed
  name='TargetClosedError
  stack='TargetClosedError:Target page, context or browser has been closed
Error
    at captureRawStack (/private/var/folders/w4/jx3ckv9d09z39mzm3bk61jk00000gn/T/playwright-java-12897528636016530862/package/lib/utils/isomorphic/stackTrace.js:32:17)
    at LongStandingScope._race (/private/var/folders/w4/jx3ckv9d09z39mzm3bk61jk00000gn/T/playwright-java-12897528636016530862/package/lib/utils/isomorphic/manualPromise.js:87:58)
    at LongStandingScope.race (/private/var/folders/w4/jx3ckv9d09z39mzm3bk61jk00000gn/T/playwright-java-12897528636016530862/package/lib/utils/isomorphic/manualPromise.js:80:17)
    at /private/var/folders/w4/jx3ckv9d09z39mzm3bk61jk00000gn/T/playwright-java-12897528636016530862/package/lib/utils/isomorphic/manualPromise.js:77:45
    at Array.map (<anonymous>)
    at LongStandingScope.raceMultiple (/private/var/folders/w4/jx3ckv9d09z39mzm3bk61jk00000gn/T/playwright-java-12897528636016530862/package/lib/utils/isomorphic/manualPromise.js:77:32)
    at Frame.raceNavigationAction (/private/var/folders/w4/jx3ckv9d09z39mzm3bk61jk00000gn/T/playwright-java-12897528636016530862/package/lib/server/frames.js:480:43)
    at Frame.goto (/private/var/folders/w4/jx3ckv9d09z39mzm3bk61jk00000gn/T/playwright-java-12897528636016530862/package/lib/server/frames.js:505:17)
    at FrameDispatcher.goto (/private/var/folders/w4/jx3ckv9d09z39mzm3bk61jk00000gn/T/playwright-java-12897528636016530862/package/lib/server/dispatchers/frameDispatcher.js:70:132)
    at /private/var/folders/w4/jx3ckv9d09z39mzm3bk61jk00000gn/T/playwright-java-12897528636016530862/package/lib/server/dispatchers/dispatcher.js:95:61
    at ProgressController.run (/private/var/folders/w4/jx3ckv9d09z39mzm3bk61jk00000gn/T/playwright-java-12897528636016530862/package/lib/server/progress.js:78:28)
    at FrameDispatcher._runCommand (/private/var/folders/w4/jx3ckv9d09z39mzm3bk61jk00000gn/T/playwright-java-12897528636016530862/package/lib/server/dispatchers/dispatcher.js:95:31)
    at DispatcherConnection.dispatch (/private/var/folders/w4/jx3ckv9d09z39mzm3bk61jk00000gn/T/playwright-java-12897528636016530862/package/lib/server/dispatchers/dispatcher.js:329:39)
}
Call log:
-   - navigating to "https://www.moneycontrol.com/", waiting until "load"

at com.microsoft.playwright.impl.WaitableResult.get(WaitableResult.java:54)
at com.microsoft.playwright.impl.ChannelOwner.runUntil(ChannelOwner.java:138)
at com.microsoft.playwright.impl.Connection.sendMessage(Connection.java:131)
at com.microsoft.playwright.impl.ChannelOwner.sendMessage(ChannelOwner.java:124)
at com.microsoft.playwright.impl.FrameImpl.navigateImpl(FrameImpl.java:429)
at com.microsoft.playwright.impl.PageImpl.navigate(PageImpl.java:929)
at com.microsoft.playwright.impl.PageImpl.navigate(PageImpl.java:43)
at com.microsoft.playwright.Page.navigate(Page.java:5504)
at playwright.BaseTest.SetUrl(BaseTest.java:32)
at playwright.FirstTest.testLogin(FirstTest.java:12)
at java.base/jdk.internal.reflect.DirectMethodHandleAccessor.invoke(DirectMethodHandleAccessor.java:103)
at java.base/java.lang.reflect.Method.invoke(Method.java:580)
at org.testng.internal.invokers.MethodInvocationHelper.invokeMethod(MethodInvocationHelper.java:139)
at org.testng.internal.invokers.TestInvoker.invokeMethod(TestInvoker.java:664)
at org.testng.internal.invokers.TestInvoker.invokeTestMethod(TestInvoker.java:228)
at org.testng.internal.invokers.MethodRunner.runInSequence(MethodRunner.java:63)
at org.testng.internal.invokers.TestInvoker$MethodInvocationAgent.invoke(TestInvoker.java:961)
at org.testng.internal.invokers.TestInvoker.invokeTestMethods(TestInvoker.java:201)
at org.testng.internal.invokers.TestMethodWorker.invokeTestMethods(TestMethodWorker.java:148)
at org.testng.internal.invokers.TestMethodWorker.run(TestMethodWorker.java:128)
at java.base/java.util.ArrayList.forEach(ArrayList.java:1596)
at org.testng.TestRunner.privateRun(TestRunner.java:819)
at org.testng.TestRunner.run(TestRunner.java:619)
at org.testng.SuiteRunner.runTest(SuiteRunner.java:443)
at org.testng.SuiteRunner.runSequentially(SuiteRunner.java:437)
at org.testng.SuiteRunner.privateRun(SuiteRunner.java:397)
at org.testng.SuiteRunner.run(SuiteRunner.java:336)
at org.testng.SuiteRunnerWorker.runSuite(SuiteRunnerWorker.java:52)
at org.testng.SuiteRunnerWorker.run(SuiteRunnerWorker.java:95)
at org.testng.TestNG.runSuitesSequentially(TestNG.java:1301)
at org.testng.TestNG.runSuitesLocally(TestNG.java:1228)
at org.testng.TestNG.runSuites(TestNG.java:1134)
at org.testng.TestNG.run(TestNG.java:1101)
at org.testng.remote.AbstractRemoteTestNG.run(AbstractRemoteTestNG.java:115)
at org.testng.remote.RemoteTestNG.initAndRun(RemoteTestNG.java:293)
at org.testng.remote.RemoteTestNG.main(RemoteTestNG.java:91)
Caused by: com.microsoft.playwright.impl.TargetClosedError: Error {
  message='Target page, context or browser has been closed
  name='TargetClosedError
  stack='TargetClosedError:Target page, context or browser has been closed
Error
    at captureRawStack (/private/var/folders/w4/jx3ckv9d09z39mzm3bk61jk00000gn/T/playwright-java-12897528636016530862/package/lib/utils/isomorphic/stackTrace.js:32:17)
    at LongStandingScope._race (/private/var/folders/w4/jx3ckv9d09z39mzm3bk61jk00000gn/T/playwright-java-12897528636016530862/package/lib/utils/isomorphic/manualPromise.js:87:58)
    at LongStandingScope.race (/private/var/folders/w4/jx3ckv9d09z39mzm3bk61jk00000gn/T/playwright-java-12897528636016530862/package/lib/utils/isomorphic/manualPromise.js:80:17)
    at /private/var/folders/w4/jx3ckv9d09z39mzm3bk61jk00000gn/T/playwright-java-12897528636016530862/package/lib/utils/isomorphic/manualPromise.js:77:45
    at Array.map (<anonymous>)
    at LongStandingScope.raceMultiple (/private/var/folders/w4/jx3ckv9d09z39mzm3bk61jk00000gn/T/playwright-java-12897528636016530862/package/lib/utils/isomorphic/manualPromise.js:77:32)
    at Frame.raceNavigationAction (/private/var/folders/w4/jx3ckv9d09z39mzm3bk61jk00000gn/T/playwright-java-12897528636016530862/package/lib/server/frames.js:480:43)
    at Frame.goto (/private/var/folders/w4/jx3ckv9d09z39mzm3bk61jk00000gn/T/playwright-java-12897528636016530862/package/lib/server/frames.js:505:17)
    at FrameDispatcher.goto (/private/var/folders/w4/jx3ckv9d09z39mzm3bk61jk00000gn/T/playwright-java-12897528636016530862/package/lib/server/dispatchers/frameDispatcher.js:70:132)
    at /private/var/folders/w4/jx3ckv9d09z39mzm3bk61jk00000gn/T/playwright-java-12897528636016530862/package/lib/server/dispatchers/dispatcher.js:95:61
    at ProgressController.run (/private/var/folders/w4/jx3ckv9d09z39mzm3bk61jk00000gn/T/playwright-java-12897528636016530862/package/lib/server/progress.js:78:28)
    at FrameDispatcher._runCommand (/private/var/folders/w4/jx3ckv9d09z39mzm3bk61jk00000gn/T/playwright-java-12897528636016530862/package/lib/server/dispatchers/dispatcher.js:95:31)
    at DispatcherConnection.dispatch (/private/var/folders/w4/jx3ckv9d09z39mzm3bk61jk00000gn/T/playwright-java-12897528636016530862/package/lib/server/dispatchers/dispatcher.js:329:39)
}
Call log:
-   - navigating to "https://www.moneycontrol.com/", waiting until "load"

at com.microsoft.playwright.impl.Connection.dispatch(Connection.java:259)
at com.microsoft.playwright.impl.Connection.processOneMessage(Connection.java:214)
at com.microsoft.playwright.impl.ChannelOwner.runUntil(ChannelOwner.java:136)
... 34 more
]]>
    </error>
  </testcase> <!-- testLogin -->
</testsuite> <!-- playwright.FirstTest -->
